<?xml version="1.0" encoding="UTF-8"?>
<testsuite xmlns:xsi="http://www.w3.org/2001/XMLSchema-instance" xsi:noNamespaceSchemaLocation="https://maven.apache.org/surefire/maven-surefire-plugin/xsd/surefire-test-report.xsd" version="3.0.2" name="TestSuite" time="0.635" tests="13" errors="0" skipped="0" failures="0">
  <properties>
[...]
</properties>
  <testcase name="testFindMaxException" classname="MyArrayUtilsTest" time="0.002">
    <system-out><![CDATA[Инициализация MyArrayUtils
]]></system-out>
    <system-err><![CDATA[SLF4J(W): No SLF4J providers were found.
SLF4J(W): Defaulting to no-operation (NOP) logger implementation
SLF4J(W): See https://www.slf4j.org/codes.html#noProviders for further details.
]]></system-err>
  </testcase>
  <testcase name="testFindMaxPositive" classname="MyArrayUtilsTest" time="0.0"/>
  <testcase name="testFindMaxWithNegatives" classname="MyArrayUtilsTest" time="0.0"/>
  <testcase name="testGetAverageException" classname="MyArrayUtilsTest" time="0.0"/>
  <testcase name="testIsSortedFalse" classname="MyArrayUtilsTest" time="0.001"/>
  <testcase name="testIsSortedTrue" classname="MyArrayUtilsTest" time="0.0"/>
  <testcase name="testReverse[[I@2d1ef81a, [I@4c402120](1)" classname="MyArrayUtilsTest" time="0.004"/>
  <testcase name="testReverse[[I@5542c4ed, [I@1573f9fc](2)" classname="MyArrayUtilsTest" time="0.0"/>
  <testcase name="testReverse[[I@44c03695, [I@7e6f74c](3)" classname="MyArrayUtilsTest" time="0.002"/>
  <testcase name="testReverse[[I@6a78afa0, [I@2f4948e4](4)" classname="MyArrayUtilsTest" time="0.0"/>
  <testcase name="testSum" classname="MyArrayUtilsTest" time="0.0"/>
  <testcase name="testSumEmpty" classname="MyArrayUtilsTest" time="0.0"/>
  <testcase name="testSum" classname="org.example.MainTest" time="0.001"/>
</testsuite>