<?xml version="1.0" encoding="UTF-8"?>
<testng-results ignored="0" total="13" passed="13" failed="0" skipped="0">
  <reporter-output>
  </reporter-output>
  <suite started-at="2025-11-11T02:29:08 GMT+05:00" name="Surefire suite" finished-at="2025-11-11T02:29:08 GMT+05:00" duration-ms="82">
    <groups>
      <group name="exception">
        <method signature="MyArrayUtilsTest.testFindMaxException()[pri:0, instance:MyArrayUtilsTest@7ce3cb8e]" name="testFindMaxException" class="MyArrayUtilsTest"/>
        <method signature="MyArrayUtilsTest.testGetAverageException()[pri:0, instance:MyArrayUtilsTest@7ce3cb8e]" name="testGetAverageException" class="MyArrayUtilsTest"/>
      </group> <!-- exception -->
      <group name="negative">
        <method signature="MyArrayUtilsTest.testIsSortedFalse()[pri:0, instance:MyArrayUtilsTest@7ce3cb8e]" name="testIsSortedFalse" class="MyArrayUtilsTest"/>
      </group> <!-- negative -->
      <group name="sum">
        <method signature="MyArrayUtilsTest.testSum()[pri:0, instance:MyArrayUtilsTest@7ce3cb8e]" name="testSum" class="MyArrayUtilsTest"/>
        <method signature="MyArrayUtilsTest.testSumEmpty()[pri:0, instance:MyArrayUtilsTest@7ce3cb8e]" name="testSumEmpty" class="MyArrayUtilsTest"/>
      </group> <!-- sum -->
      <group name="edge_case">
        <method signature="MyArrayUtilsTest.testSumEmpty()[pri:0, instance:MyArrayUtilsTest@7ce3cb8e]" name="testSumEmpty" class="MyArrayUtilsTest"/>
      </group> <!-- edge_case -->
      <group name="sort">
        <method signature="MyArrayUtilsTest.testIsSortedFalse()[pri:0, instance:MyArrayUtilsTest@7ce3cb8e]" name="testIsSortedFalse" class="MyArrayUtilsTest"/>
        <method signature="MyArrayUtilsTest.testIsSortedTrue()[pri:0, instance:MyArrayUtilsTest@7ce3cb8e]" name="testIsSortedTrue" class="MyArrayUtilsTest"/>
      </group> <!-- sort -->
      <group name="positive">
        <method signature="MyArrayUtilsTest.testFindMaxPositive()[pri:0, instance:MyArrayUtilsTest@7ce3cb8e]" name="testFindMaxPositive" class="MyArrayUtilsTest"/>
        <method signature="MyArrayUtilsTest.testFindMaxWithNegatives()[pri:0, instance:MyArrayUtilsTest@7ce3cb8e]" name="testFindMaxWithNegatives" class="MyArrayUtilsTest"/>
        <method signature="MyArrayUtilsTest.testIsSortedTrue()[pri:0, instance:MyArrayUtilsTest@7ce3cb8e]" name="testIsSortedTrue" class="MyArrayUtilsTest"/>
        <method signature="MyArrayUtilsTest.testSum()[pri:0, instance:MyArrayUtilsTest@7ce3cb8e]" name="testSum" class="MyArrayUtilsTest"/>
      </group> <!-- positive -->
      <group name="dataprovider">
        <method signature="MyArrayUtilsTest.testReverse([I,[I)[pri:0, instance:MyArrayUtilsTest@7ce3cb8e]" name="testReverse" class="MyArrayUtilsTest"/>
      </group> <!-- dataprovider -->
      <group name="findMax">
        <method signature="MyArrayUtilsTest.testFindMaxPositive()[pri:0, instance:MyArrayUtilsTest@7ce3cb8e]" name="testFindMaxPositive" class="MyArrayUtilsTest"/>
        <method signature="MyArrayUtilsTest.testFindMaxWithNegatives()[pri:0, instance:MyArrayUtilsTest@7ce3cb8e]" name="testFindMaxWithNegatives" class="MyArrayUtilsTest"/>
      </group> <!-- findMax -->
    </groups>
    <test started-at="2025-11-11T02:29:08 GMT+05:00" name="Surefire test" finished-at="2025-11-11T02:29:08 GMT+05:00" duration-ms="82">
      <class name="org.example.MainTest">
        <test-method signature="testSum()[pri:0, instance:org.example.MainTest@6fe7aac8]" started-at="2025-11-11T02:29:08 GMT+05:00" name="testSum" finished-at="2025-11-11T02:29:08 GMT+05:00" duration-ms="1" status="PASS">
          <reporter-output>
          </reporter-output>
        </test-method> <!-- testSum -->
      </class> <!-- org.example.MainTest -->
      <class name="MyArrayUtilsTest">
        <test-method is-config="true" signature="setUp()[pri:0, instance:MyArrayUtilsTest@7ce3cb8e]" started-at="2025-11-11T02:29:08 GMT+05:00" name="setUp" finished-at="2025-11-11T02:29:08 GMT+05:00" duration-ms="11" status="PASS">
          <reporter-output>
          </reporter-output>
        </test-method> <!-- setUp -->
        <test-method signature="testFindMaxException()[pri:0, instance:MyArrayUtilsTest@7ce3cb8e]" started-at="2025-11-11T02:29:08 GMT+05:00" name="testFindMaxException" finished-at="2025-11-11T02:29:08 GMT+05:00" duration-ms="2" status="PASS">
          <exception class="java.lang.IllegalArgumentException">
            <message>
              <![CDATA[Массив не должен быть пустым]]>
            </message>
            <full-stacktrace>
              <![CDATA[java.lang.IllegalArgumentException: Массив не должен быть пустым
at MyArrayUtils.findMax(MyArrayUtils.java:5)
at MyArrayUtilsTest.testFindMaxException(MyArrayUtilsTest.java:53)
at java.base/jdk.internal.reflect.DirectMethodHandleAccessor.invoke(DirectMethodHandleAccessor.java:103)
at java.base/java.lang.reflect.Method.invoke(Method.java:580)
at org.testng.internal.invokers.MethodInvocationHelper.invokeMethod(MethodInvocationHelper.java:141)
at org.testng.internal.invokers.TestInvoker.invokeMethod(TestInvoker.java:687)
at org.testng.internal.invokers.TestInvoker.invokeTestMethod(TestInvoker.java:230)
at org.testng.internal.invokers.MethodRunner.runInSequence(MethodRunner.java:63)
at org.testng.internal.invokers.TestInvoker$MethodInvocationAgent.invoke(TestInvoker.java:995)
at org.testng.internal.invokers.TestInvoker.invokeTestMethods(TestInvoker.java:203)
at org.testng.internal.invokers.TestMethodWorker.invokeTestMethods(TestMethodWorker.java:154)
at org.testng.internal.invokers.TestMethodWorker.run(TestMethodWorker.java:134)
at java.base/java.util.ArrayList.forEach(ArrayList.java:1597)
at org.testng.TestRunner.privateRun(TestRunner.java:741)
at org.testng.TestRunner.run(TestRunner.java:616)
at org.testng.SuiteRunner.runTest(SuiteRunner.java:421)
at org.testng.SuiteRunner.runSequentially(SuiteRunner.java:413)
at org.testng.SuiteRunner.privateRun(SuiteRunner.java:373)
at org.testng.SuiteRunner.run(SuiteRunner.java:312)
at org.testng.SuiteRunnerWorker.runSuite(SuiteRunnerWorker.java:52)
at org.testng.SuiteRunnerWorker.run(SuiteRunnerWorker.java:95)
at org.testng.TestNG.runSuitesSequentially(TestNG.java:1274)
at org.testng.TestNG.runSuitesLocally(TestNG.java:1208)
at org.testng.TestNG.runSuites(TestNG.java:1112)
at org.testng.TestNG.run(TestNG.java:1079)
at org.apache.maven.surefire.testng.TestNGExecutor.run(TestNGExecutor.java:155)
at org.apache.maven.surefire.testng.TestNGDirectoryTestSuite.executeMulti(TestNGDirectoryTestSuite.java:169)
at org.apache.maven.surefire.testng.TestNGDirectoryTestSuite.execute(TestNGDirectoryTestSuite.java:88)
at org.apache.maven.surefire.testng.TestNGProvider.invoke(TestNGProvider.java:137)
at org.apache.maven.surefire.booter.ForkedBooter.runSuitesInProcess(ForkedBooter.java:385)
at org.apache.maven.surefire.booter.ForkedBooter.execute(ForkedBooter.java:162)
at org.apache.maven.surefire.booter.ForkedBooter.run(ForkedBooter.java:507)
at org.apache.maven.surefire.booter.ForkedBooter.main(ForkedBooter.java:495)
]]>
            </full-stacktrace>
          </exception> <!-- java.lang.IllegalArgumentException -->
          <reporter-output>
          </reporter-output>
        </test-method> <!-- testFindMaxException -->
        <test-method signature="testFindMaxPositive()[pri:0, instance:MyArrayUtilsTest@7ce3cb8e]" started-at="2025-11-11T02:29:08 GMT+05:00" name="testFindMaxPositive" finished-at="2025-11-11T02:29:08 GMT+05:00" duration-ms="2" status="PASS">
          <reporter-output>
          </reporter-output>
        </test-method> <!-- testFindMaxPositive -->
        <test-method signature="testFindMaxWithNegatives()[pri:0, instance:MyArrayUtilsTest@7ce3cb8e]" started-at="2025-11-11T02:29:08 GMT+05:00" name="testFindMaxWithNegatives" finished-at="2025-11-11T02:29:08 GMT+05:00" duration-ms="1" status="PASS">
          <reporter-output>
          </reporter-output>
        </test-method> <!-- testFindMaxWithNegatives -->
        <test-method signature="testGetAverageException()[pri:0, instance:MyArrayUtilsTest@7ce3cb8e]" started-at="2025-11-11T02:29:08 GMT+05:00" name="testGetAverageException" finished-at="2025-11-11T02:29:08 GMT+05:00" duration-ms="1" status="PASS">
          <exception class="java.lang.ArithmeticException">
            <message>
              <![CDATA[Нельзя найти среднее для пустого массива]]>
            </message>
            <full-stacktrace>
              <![CDATA[java.lang.ArithmeticException: Нельзя найти среднее для пустого массива
at MyArrayUtils.getAverage(MyArrayUtils.java:46)
at MyArrayUtilsTest.testGetAverageException(MyArrayUtilsTest.java:59)
at java.base/jdk.internal.reflect.DirectMethodHandleAccessor.invoke(DirectMethodHandleAccessor.java:103)
at java.base/java.lang.reflect.Method.invoke(Method.java:580)
at org.testng.internal.invokers.MethodInvocationHelper.invokeMethod(MethodInvocationHelper.java:141)
at org.testng.internal.invokers.TestInvoker.invokeMethod(TestInvoker.java:687)
at org.testng.internal.invokers.TestInvoker.invokeTestMethod(TestInvoker.java:230)
at org.testng.internal.invokers.MethodRunner.runInSequence(MethodRunner.java:63)
at org.testng.internal.invokers.TestInvoker$MethodInvocationAgent.invoke(TestInvoker.java:995)
at org.testng.internal.invokers.TestInvoker.invokeTestMethods(TestInvoker.java:203)
at org.testng.internal.invokers.TestMethodWorker.invokeTestMethods(TestMethodWorker.java:154)
at org.testng.internal.invokers.TestMethodWorker.run(TestMethodWorker.java:134)
at java.base/java.util.ArrayList.forEach(ArrayList.java:1597)
at org.testng.TestRunner.privateRun(TestRunner.java:741)
at org.testng.TestRunner.run(TestRunner.java:616)
at org.testng.SuiteRunner.runTest(SuiteRunner.java:421)
at org.testng.SuiteRunner.runSequentially(SuiteRunner.java:413)
at org.testng.SuiteRunner.privateRun(SuiteRunner.java:373)
at org.testng.SuiteRunner.run(SuiteRunner.java:312)
at org.testng.SuiteRunnerWorker.runSuite(SuiteRunnerWorker.java:52)
at org.testng.SuiteRunnerWorker.run(SuiteRunnerWorker.java:95)
at org.testng.TestNG.runSuitesSequentially(TestNG.java:1274)
at org.testng.TestNG.runSuitesLocally(TestNG.java:1208)
at org.testng.TestNG.runSuites(TestNG.java:1112)
at org.testng.TestNG.run(TestNG.java:1079)
at org.apache.maven.surefire.testng.TestNGExecutor.run(TestNGExecutor.java:155)
at org.apache.maven.surefire.testng.TestNGDirectoryTestSuite.executeMulti(TestNGDirectoryTestSuite.java:169)
at org.apache.maven.surefire.testng.TestNGDirectoryTestSuite.execute(TestNGDirectoryTestSuite.java:88)
at org.apache.maven.surefire.testng.TestNGProvider.invoke(TestNGProvider.java:137)
at org.apache.maven.surefire.booter.ForkedBooter.runSuitesInProcess(ForkedBooter.java:385)
at org.apache.maven.surefire.booter.ForkedBooter.execute(ForkedBooter.java:162)
at org.apache.maven.surefire.booter.ForkedBooter.run(ForkedBooter.java:507)
at org.apache.maven.surefire.booter.ForkedBooter.main(ForkedBooter.java:495)
]]>
            </full-stacktrace>
          </exception> <!-- java.lang.ArithmeticException -->
          <reporter-output>
          </reporter-output>
        </test-method> <!-- testGetAverageException -->
        <test-method signature="testIsSortedFalse()[pri:0, instance:MyArrayUtilsTest@7ce3cb8e]" started-at="2025-11-11T02:29:08 GMT+05:00" name="testIsSortedFalse" finished-at="2025-11-11T02:29:08 GMT+05:00" duration-ms="0" status="PASS">
          <reporter-output>
          </reporter-output>
        </test-method> <!-- testIsSortedFalse -->
        <test-method signature="testIsSortedTrue()[pri:0, instance:MyArrayUtilsTest@7ce3cb8e]" started-at="2025-11-11T02:29:08 GMT+05:00" name="testIsSortedTrue" finished-at="2025-11-11T02:29:08 GMT+05:00" duration-ms="0" status="PASS">
          <reporter-output>
          </reporter-output>
        </test-method> <!-- testIsSortedTrue -->
        <test-method signature="testReverse([I,[I)[pri:0, instance:MyArrayUtilsTest@7ce3cb8e]" started-at="2025-11-11T02:29:08 GMT+05:00" name="testReverse" data-provider="reverseDataProvider" finished-at="2025-11-11T02:29:08 GMT+05:00" duration-ms="3" status="PASS">
          <params>
            <param index="0">
              <value>
                <![CDATA[[I@2d1ef81a]]>
              </value>
            </param>
            <param index="1">
              <value>
                <![CDATA[[I@4c402120]]>
              </value>
            </param>
          </params>
          <reporter-output>
          </reporter-output>
        </test-method> <!-- testReverse -->
        <test-method signature="testReverse([I,[I)[pri:0, instance:MyArrayUtilsTest@7ce3cb8e]" started-at="2025-11-11T02:29:08 GMT+05:00" name="testReverse" data-provider="reverseDataProvider" finished-at="2025-11-11T02:29:08 GMT+05:00" duration-ms="1" status="PASS">
          <params>
            <param index="0">
              <value>
                <![CDATA[[I@5542c4ed]]>
              </value>
            </param>
            <param index="1">
              <value>
                <![CDATA[[I@1573f9fc]]>
              </value>
            </param>
          </params>
          <reporter-output>
          </reporter-output>
        </test-method> <!-- testReverse -->
        <test-method signature="testReverse([I,[I)[pri:0, instance:MyArrayUtilsTest@7ce3cb8e]" started-at="2025-11-11T02:29:08 GMT+05:00" name="testReverse" data-provider="reverseDataProvider" finished-at="2025-11-11T02:29:08 GMT+05:00" duration-ms="0" status="PASS">
          <params>
            <param index="0">
              <value>
                <![CDATA[[I@44c03695]]>
              </value>
            </param>
            <param index="1">
              <value>
                <![CDATA[[I@7e6f74c]]>
              </value>
            </param>
          </params>
          <reporter-output>
          </reporter-output>
        </test-method> <!-- testReverse -->
        <test-method signature="testReverse([I,[I)[pri:0, instance:MyArrayUtilsTest@7ce3cb8e]" started-at="2025-11-11T02:29:08 GMT+05:00" name="testReverse" data-provider="reverseDataProvider" finished-at="2025-11-11T02:29:08 GMT+05:00" duration-ms="1" status="PASS">
          <params>
            <param index="0">
              <value>
                <![CDATA[[I@6a78afa0]]>
              </value>
            </param>
            <param index="1">
              <value>
                <![CDATA[[I@2f4948e4]]>
              </value>
            </param>
          </params>
          <reporter-output>
          </reporter-output>
        </test-method> <!-- testReverse -->
        <test-method signature="testSum()[pri:0, instance:MyArrayUtilsTest@7ce3cb8e]" started-at="2025-11-11T02:29:08 GMT+05:00" name="testSum" finished-at="2025-11-11T02:29:08 GMT+05:00" duration-ms="0" status="PASS">
          <reporter-output>
          </reporter-output>
        </test-method> <!-- testSum -->
        <test-method signature="testSumEmpty()[pri:0, instance:MyArrayUtilsTest@7ce3cb8e]" started-at="2025-11-11T02:29:08 GMT+05:00" name="testSumEmpty" finished-at="2025-11-11T02:29:08 GMT+05:00" duration-ms="0" status="PASS">
          <reporter-output>
          </reporter-output>
        </test-method> <!-- testSumEmpty -->
      </class> <!-- MyArrayUtilsTest -->
    </test> <!-- Surefire test -->
  </suite> <!-- Surefire suite -->
</testng-results>
