<?xml version="1.0" encoding="UTF-8"?>
<!-- Generated by org.testng.reporters.JUnitXMLReporter -->
<testsuite ignored="0" hostname="DESKTOP-2R1VI9V" failures="0" tests="13" name="Surefire test" time="0.082" errors="0" timestamp="2025-11-11T02:29:08 GMT+05:00">
  <testcase classname="MyArrayUtilsTest" name="testFindMaxException" time="0.002"/>
  <testcase classname="MyArrayUtilsTest" name="testFindMaxPositive" time="0.002"/>
  <testcase classname="MyArrayUtilsTest" name="testFindMaxWithNegatives" time="0.001"/>
  <testcase classname="MyArrayUtilsTest" name="testGetAverageException" time="0.001"/>
  <testcase classname="MyArrayUtilsTest" name="testIsSortedFalse" time="0.0"/>
  <testcase classname="MyArrayUtilsTest" name="testIsSortedTrue" time="0.0"/>
  <testcase classname="MyArrayUtilsTest" name="testReverse" time="0.003"/>
  <testcase classname="MyArrayUtilsTest" name="testReverse" time="0.001"/>
  <testcase classname="MyArrayUtilsTest" name="testReverse" time="0.0"/>
  <testcase classname="MyArrayUtilsTest" name="testReverse" time="0.001"/>
  <testcase classname="MyArrayUtilsTest" name="testSum" time="0.0"/>
  <testcase classname="MyArrayUtilsTest" name="testSumEmpty" time="0.0"/>
  <testcase classname="org.example.MainTest" name="testSum" time="0.001"/>
</testsuite> <!-- Surefire test -->
